<?xml version="1.0" encoding="UTF-8"?>
<!-- Generated by org.testng.reporters.JUnitReportReporter -->
<testsuite skipped="0" hostname="CISM-I-458" name="com.md.testcases.QuickQuotesTest" tests="7" failures="0" timestamp="2021-10-12T18:17:00 IST" time="317.700" errors="0">
  <testcase name="qqVerifyValidationMessageOnNamefield" time="18.074" classname="com.md.testcases.QuickQuotesTest"/>
  <system-out/>
  <testcase name="qqVerifyGetQuoteButtonIsDisable" time="2.054" classname="com.md.testcases.QuickQuotesTest"/>
  <system-out/>
  <testcase name="qqVerifyToasterMessage" time="10.192" classname="com.md.testcases.QuickQuotesTest"/>
  <system-out/>
  <testcase name="qqVerifyQuotebyName" time="10.413" classname="com.md.testcases.QuickQuotesTest"/>
  <system-out/>
  <testcase name="qqVerfiyQQEventWithAllDetails" time="28.882" classname="com.md.testcases.QuickQuotesTest"/>
  <system-out/>
  <testcase name="qqVerifySandpitEventWithQuestionnaireAndAllowResubmission" time="238.000" classname="com.md.testcases.QuickQuotesTest"/>
  <system-out/>
  <testcase name="qqVerifyEditContent" time="10.085" classname="com.md.testcases.QuickQuotesTest"/>
  <system-out/>
</testsuite> <!-- com.md.testcases.QuickQuotesTest -->
