<?xml version="1.0" encoding="UTF-8"?>
<!-- Generated by org.testng.reporters.JUnitReportReporter -->
<testsuite skipped="0" hostname="CISM-I-458" name="com.md.testcases.MDEventTest" tests="1" failures="0" timestamp="2022-05-25T13:23:15 IST" time="24.057" errors="0">
  <testcase name="md_PQQ" time="24.057" classname="com.md.testcases.MDEventTest"/>
  <system-out/>
</testsuite> <!-- com.md.testcases.MDEventTest -->
