<?xml version="1.0" encoding="UTF-8"?>
<!-- Generated by org.testng.reporters.JUnitReportReporter -->
<testsuite skipped="0" hostname="CISM-I-458" name="com.md.testcases.QuickQuotesTest" tests="1" failures="0" timestamp="2021-10-13T17:02:34 IST" time="2.561" errors="0">
  <testcase name="qq_VerifyGetQuoteButtonIsDisable" time="2.561" classname="com.md.testcases.QuickQuotesTest"/>
  <system-out/>
</testsuite> <!-- com.md.testcases.QuickQuotesTest -->
