<?xml version="1.0" encoding="UTF-8"?>
<!-- Generated by org.testng.reporters.JUnitReportReporter -->
<testsuite skipped="0" hostname="CISM-I-458" name="com.md.testcases.ContractTest" tests="1" failures="0" timestamp="2021-10-13T13:07:44 IST" time="31.827" errors="0">
  <testcase name="contract_VerifyUserIsAbleToSearchContract" time="31.827" classname="com.md.testcases.ContractTest"/>
  <system-out/>
</testsuite> <!-- com.md.testcases.ContractTest -->
