<?xml version="1.0" encoding="UTF-8"?>
<!-- Generated by org.testng.reporters.JUnitReportReporter -->
<testsuite skipped="36" hostname="CISM-I-458" name="com.md.testcases.ContractTest" tests="37" failures="0" timestamp="2021-10-13T18:07:05 IST" time="2.186" errors="1">
  <testcase name="setUp" time="2.186" classname="com.md.testcases.ContractTest">
    <error type="org.openqa.selenium.NoSuchWindowException" message="no such window: target window already closed
from unknown error: web view not found
  (Session info: chrome=94.0.4606.81)
Build info: version: &#039;3.141.59&#039;, revision: &#039;e82be7d358&#039;, time: &#039;2018-11-14T08:17:03&#039;
System info: host: &#039;CISM-I-458&#039;, ip: &#039;192.168.2.203&#039;, os.name: &#039;Windows 10&#039;, os.arch: &#039;amd64&#039;, os.version: &#039;10.0&#039;, java.version: &#039;1.8.0_281&#039;
Driver info: org.openqa.selenium.chrome.ChromeDriver
Capabilities {acceptInsecureCerts: false, browserName: chrome, browserVersion: 94.0.4606.81, chrome: {chromedriverVersion: 94.0.4606.61 (418b78f5838ed..., userDataDir: C:\Users\cis\AppData\Local\...}, goog:chromeOptions: {debuggerAddress: localhost:55958}, javascriptEnabled: true, networkConnectionEnabled: false, pageLoadStrategy: normal, platform: WINDOWS, platformName: WINDOWS, proxy: Proxy(), setWindowRect: true, strictFileInteractability: false, timeouts: {implicit: 0, pageLoad: 300000, script: 30000}, unhandledPromptBehavior: dismiss and notify, webauthn:extension:credBlob: true, webauthn:extension:largeBlob: true, webauthn:virtualAuthenticators: true}
Session ID: 2f43fce3ced7195a051c3153aded97c4
*** Element info: {Using=xpath, value=//input[@id=&#039;login-username&#039;]}">
      <![CDATA[org.openqa.selenium.NoSuchWindowException: no such window: target window already closed
from unknown error: web view not found
  (Session info: chrome=94.0.4606.81)
Build info: version: '3.141.59', revision: 'e82be7d358', time: '2018-11-14T08:17:03'
System info: host: 'CISM-I-458', ip: '192.168.2.203', os.name: 'Windows 10', os.arch: 'amd64', os.version: '10.0', java.version: '1.8.0_281'
Driver info: org.openqa.selenium.chrome.ChromeDriver
Capabilities {acceptInsecureCerts: false, browserName: chrome, browserVersion: 94.0.4606.81, chrome: {chromedriverVersion: 94.0.4606.61 (418b78f5838ed..., userDataDir: C:\Users\cis\AppData\Local\...}, goog:chromeOptions: {debuggerAddress: localhost:55958}, javascriptEnabled: true, networkConnectionEnabled: false, pageLoadStrategy: normal, platform: WINDOWS, platformName: WINDOWS, proxy: Proxy(), setWindowRect: true, strictFileInteractability: false, timeouts: {implicit: 0, pageLoad: 300000, script: 30000}, unhandledPromptBehavior: dismiss and notify, webauthn:extension:credBlob: true, webauthn:extension:largeBlob: true, webauthn:virtualAuthenticators: true}
Session ID: 2f43fce3ced7195a051c3153aded97c4
*** Element info: {Using=xpath, value=//input[@id='login-username']}
at sun.reflect.NativeConstructorAccessorImpl.newInstance0(Native Method)
at sun.reflect.NativeConstructorAccessorImpl.newInstance(NativeConstructorAccessorImpl.java:62)
at sun.reflect.DelegatingConstructorAccessorImpl.newInstance(DelegatingConstructorAccessorImpl.java:45)
at java.lang.reflect.Constructor.newInstance(Constructor.java:423)
at org.openqa.selenium.remote.http.W3CHttpResponseCodec.createException(W3CHttpResponseCodec.java:187)
at org.openqa.selenium.remote.http.W3CHttpResponseCodec.decode(W3CHttpResponseCodec.java:122)
at org.openqa.selenium.remote.http.W3CHttpResponseCodec.decode(W3CHttpResponseCodec.java:49)
at org.openqa.selenium.remote.HttpCommandExecutor.execute(HttpCommandExecutor.java:158)
at org.openqa.selenium.remote.service.DriverCommandExecutor.execute(DriverCommandExecutor.java:83)
at org.openqa.selenium.remote.RemoteWebDriver.execute(RemoteWebDriver.java:552)
at org.openqa.selenium.remote.RemoteWebDriver.findElement(RemoteWebDriver.java:323)
at org.openqa.selenium.remote.RemoteWebDriver.findElementByXPath(RemoteWebDriver.java:428)
at org.openqa.selenium.By$ByXPath.findElement(By.java:353)
at org.openqa.selenium.remote.RemoteWebDriver.findElement(RemoteWebDriver.java:315)
at com.md.base.TestBase.initializationAndLogin(TestBase.java:95)
at com.md.testcases.ContractTest.setUp(ContractTest.java:19)
at sun.reflect.NativeMethodAccessorImpl.invoke0(Native Method)
at sun.reflect.NativeMethodAccessorImpl.invoke(NativeMethodAccessorImpl.java:62)
at sun.reflect.DelegatingMethodAccessorImpl.invoke(DelegatingMethodAccessorImpl.java:43)
at java.lang.reflect.Method.invoke(Method.java:498)
at org.testng.internal.MethodInvocationHelper.invokeMethod(MethodInvocationHelper.java:132)
at org.testng.internal.MethodInvocationHelper.invokeMethodConsideringTimeout(MethodInvocationHelper.java:61)
at org.testng.internal.ConfigInvoker.invokeConfigurationMethod(ConfigInvoker.java:366)
at org.testng.internal.ConfigInvoker.invokeConfigurations(ConfigInvoker.java:320)
at org.testng.internal.TestMethodWorker.invokeBeforeClassMethods(TestMethodWorker.java:176)
at org.testng.internal.TestMethodWorker.run(TestMethodWorker.java:122)
at java.util.ArrayList.forEach(ArrayList.java:1259)
at org.testng.TestRunner.privateRun(TestRunner.java:764)
at org.testng.TestRunner.run(TestRunner.java:585)
at org.testng.SuiteRunner.runTest(SuiteRunner.java:384)
at org.testng.SuiteRunner.runSequentially(SuiteRunner.java:378)
at org.testng.SuiteRunner.privateRun(SuiteRunner.java:337)
at org.testng.SuiteRunner.run(SuiteRunner.java:286)
at org.testng.SuiteRunnerWorker.runSuite(SuiteRunnerWorker.java:53)
at org.testng.SuiteRunnerWorker.run(SuiteRunnerWorker.java:96)
at org.testng.TestNG.runSuitesSequentially(TestNG.java:1218)
at org.testng.TestNG.runSuitesLocally(TestNG.java:1140)
at org.testng.TestNG.runSuites(TestNG.java:1069)
at org.testng.TestNG.run(TestNG.java:1037)
at org.testng.remote.AbstractRemoteTestNG.run(AbstractRemoteTestNG.java:115)
at org.testng.remote.RemoteTestNG.initAndRun(RemoteTestNG.java:251)
at org.testng.remote.RemoteTestNG.main(RemoteTestNG.java:77)
]]>
    </error>
  </testcase> <!-- setUp -->
  <system-out/>
  <testcase name="contract_VerifyUserIsAbleToAddContract" time="0.000" classname="com.md.testcases.ContractTest">
    <skipped/>
  </testcase> <!-- contract_VerifyUserIsAbleToAddContract -->
  <system-out/>
  <testcase name="contract_VerifyHeadingOnContractListingPage" time="0.000" classname="com.md.testcases.ContractTest">
    <skipped/>
  </testcase> <!-- contract_VerifyHeadingOnContractListingPage -->
  <system-out/>
  <testcase name="contract_VerifyUserIsAbleToSearchContract" time="0.000" classname="com.md.testcases.ContractTest">
    <skipped/>
  </testcase> <!-- contract_VerifyUserIsAbleToSearchContract -->
  <system-out/>
  <testcase name="contract_VerifyAlertMsgOnSearchingContracts" time="0.000" classname="com.md.testcases.ContractTest">
    <skipped/>
  </testcase> <!-- contract_VerifyAlertMsgOnSearchingContracts -->
  <system-out/>
  <testcase name="contract_VerifySearchContractUsingTitle" time="0.000" classname="com.md.testcases.ContractTest">
    <skipped/>
  </testcase> <!-- contract_VerifySearchContractUsingTitle -->
  <system-out/>
  <testcase name="contract_VerifySearchContractUsingStartDate" time="0.000" classname="com.md.testcases.ContractTest">
    <skipped/>
  </testcase> <!-- contract_VerifySearchContractUsingStartDate -->
  <system-out/>
  <testcase name="contract_VerifySearchContractUsingExpiryDate" time="0.000" classname="com.md.testcases.ContractTest">
    <skipped/>
  </testcase> <!-- contract_VerifySearchContractUsingExpiryDate -->
  <system-out/>
  <testcase name="contract_VerifySearchContractUsingCategory" time="0.000" classname="com.md.testcases.ContractTest">
    <skipped/>
  </testcase> <!-- contract_VerifySearchContractUsingCategory -->
  <system-out/>
  <testcase name="contract_VerifySearchContractUsingSupplier" time="0.000" classname="com.md.testcases.ContractTest">
    <skipped/>
  </testcase> <!-- contract_VerifySearchContractUsingSupplier -->
  <system-out/>
  <testcase name="contract_VerifySearchContractUsingValue" time="0.000" classname="com.md.testcases.ContractTest">
    <skipped/>
  </testcase> <!-- contract_VerifySearchContractUsingValue -->
  <system-out/>
  <testcase name="contract_VerifySearchContractUsingStakeHolder" time="0.000" classname="com.md.testcases.ContractTest">
    <skipped/>
  </testcase> <!-- contract_VerifySearchContractUsingStakeHolder -->
  <system-out/>
  <testcase name="contract_VerifyContractValidationMsg" time="0.000" classname="com.md.testcases.ContractTest">
    <skipped/>
  </testcase> <!-- contract_VerifyContractValidationMsg -->
  <system-out/>
  <testcase name="contract_VerifyUserNavigationToContractForm" time="0.000" classname="com.md.testcases.ContractTest">
    <skipped/>
  </testcase> <!-- contract_VerifyUserNavigationToContractForm -->
  <system-out/>
  <testcase name="contract_VerifySearchContractUsingOwner" time="0.000" classname="com.md.testcases.ContractTest">
    <skipped/>
  </testcase> <!-- contract_VerifySearchContractUsingOwner -->
  <system-out/>
  <testcase name="contract_VerifyOneMonthNoticePeriodIsSelectedByDefault" time="0.000" classname="com.md.testcases.ContractTest">
    <skipped/>
  </testcase> <!-- contract_VerifyOneMonthNoticePeriodIsSelectedByDefault -->
  <system-out/>
  <testcase name="contract_VerifyUserIsAbleToEditContract" time="0.000" classname="com.md.testcases.ContractTest">
    <skipped/>
  </testcase> <!-- contract_VerifyUserIsAbleToEditContract -->
  <system-out/>
  <testcase name="contract_VerifyDisplayOfCategoryInContractForm" time="0.000" classname="com.md.testcases.ContractTest">
    <skipped/>
  </testcase> <!-- contract_VerifyDisplayOfCategoryInContractForm -->
  <system-out/>
  <testcase name="contract_VerifyAutoSuggestionForSupplierContact" time="0.000" classname="com.md.testcases.ContractTest">
    <skipped/>
  </testcase> <!-- contract_VerifyAutoSuggestionForSupplierContact -->
  <system-out/>
  <testcase name="contract_VerifyAutoSuggestionForStakeHolder" time="0.000" classname="com.md.testcases.ContractTest">
    <skipped/>
  </testcase> <!-- contract_VerifyAutoSuggestionForStakeHolder -->
  <system-out/>
  <testcase name="contract_VerifyDisplayOfSupplierContactDetails" time="0.000" classname="com.md.testcases.ContractTest">
    <skipped/>
  </testcase> <!-- contract_VerifyDisplayOfSupplierContactDetails -->
  <system-out/>
  <testcase name="contract_VerifyAlertMsgIfHostAddedToSupplierContact" time="0.000" classname="com.md.testcases.ContractTest">
    <skipped/>
  </testcase> <!-- contract_VerifyAlertMsgIfHostAddedToSupplierContact -->
  <system-out/>
  <testcase name="contract_VerifyRemovalOfSupplierContact" time="0.000" classname="com.md.testcases.ContractTest">
    <skipped/>
  </testcase> <!-- contract_VerifyRemovalOfSupplierContact -->
  <system-out/>
  <testcase name="contract_VerifyAtleastOneValueInSupplierContact" time="0.000" classname="com.md.testcases.ContractTest">
    <skipped/>
  </testcase> <!-- contract_VerifyAtleastOneValueInSupplierContact -->
  <system-out/>
  <testcase name="contract_VerifyAlertMsgIfParticipantAddedToStakeHolder" time="0.000" classname="com.md.testcases.ContractTest">
    <skipped/>
  </testcase> <!-- contract_VerifyAlertMsgIfParticipantAddedToStakeHolder -->
  <system-out/>
  <testcase name="contract_VerifyDisplayOfDropbox" time="0.000" classname="com.md.testcases.ContractTest">
    <skipped/>
  </testcase> <!-- contract_VerifyDisplayOfDropbox -->
  <system-out/>
  <testcase name="contract_VerifyNoticePeriodChangeAccordingToPeriodSelected" time="0.000" classname="com.md.testcases.ContractTest">
    <skipped/>
  </testcase> <!-- contract_VerifyNoticePeriodChangeAccordingToPeriodSelected -->
  <system-out/>
  <testcase name="contract_VerifyDisplayOfExpiryNotiticationLink" time="0.000" classname="com.md.testcases.ContractTest">
    <skipped/>
  </testcase> <!-- contract_VerifyDisplayOfExpiryNotiticationLink -->
  <system-out/>
  <testcase name="contract_VerifySupplierAndStakeHolderInRecipientPopup" time="0.000" classname="com.md.testcases.ContractTest">
    <skipped/>
  </testcase> <!-- contract_VerifySupplierAndStakeHolderInRecipientPopup -->
  <system-out/>
  <testcase name="contract_VerifyDisplayOfCustomNotiticationLink" time="0.000" classname="com.md.testcases.ContractTest">
    <skipped/>
  </testcase> <!-- contract_VerifyDisplayOfCustomNotiticationLink -->
  <system-out/>
  <testcase name="contract_VerifyDisplayOfParentHeirarchyDropdown" time="0.000" classname="com.md.testcases.ContractTest">
    <skipped/>
  </testcase> <!-- contract_VerifyDisplayOfParentHeirarchyDropdown -->
  <system-out/>
  <testcase name="contract_VerifySelectedParentNotDisplayInChildDropdown" time="0.000" classname="com.md.testcases.ContractTest">
    <skipped/>
  </testcase> <!-- contract_VerifySelectedParentNotDisplayInChildDropdown -->
  <system-out/>
  <testcase name="contract_VerifyLanguageChange" time="0.000" classname="com.md.testcases.ContractTest">
    <skipped/>
  </testcase> <!-- contract_VerifyLanguageChange -->
  <system-out/>
  <testcase name="contract_VerifyActiveHeadingsDisplayInContractForm" time="0.000" classname="com.md.testcases.ContractTest">
    <skipped/>
  </testcase> <!-- contract_VerifyActiveHeadingsDisplayInContractForm -->
  <system-out/>
  <testcase name="contract_VerifyActiveHeadingsDisplayInContractListingPage" time="0.000" classname="com.md.testcases.ContractTest">
    <skipped/>
  </testcase> <!-- contract_VerifyActiveHeadingsDisplayInContractListingPage -->
  <system-out/>
  <testcase name="contract_VerifyContractListingOnLanguageChange" time="0.000" classname="com.md.testcases.ContractTest">
    <skipped/>
  </testcase> <!-- contract_VerifyContractListingOnLanguageChange -->
  <system-out/>
  <testcase name="contract_VerifyCustomFieldDisplayInContractForm" time="0.000" classname="com.md.testcases.ContractTest">
    <skipped/>
  </testcase> <!-- contract_VerifyCustomFieldDisplayInContractForm -->
  <system-out/>
</testsuite> <!-- com.md.testcases.ContractTest -->
