<?xml version="1.0" encoding="UTF-8"?>
<!-- Generated by org.testng.reporters.JUnitReportReporter -->
<testsuite skipped="0" hostname="CISM-I-458" name="com.md.testcases.QuickQuotesTest" tests="6" failures="0" timestamp="2021-10-13T13:07:44 IST" time="299.693" errors="0">
  <testcase name="qq_VerifyGetQuoteButtonIsDisable" time="2.398" classname="com.md.testcases.QuickQuotesTest"/>
  <system-out/>
  <testcase name="qq_VerifyToasterMessage" time="9.308" classname="com.md.testcases.QuickQuotesTest"/>
  <system-out/>
  <testcase name="qq_VerifyQuotebyName" time="10.972" classname="com.md.testcases.QuickQuotesTest"/>
  <system-out/>
  <testcase name="qq_VerfiyQQEventWithAllDetails" time="29.133" classname="com.md.testcases.QuickQuotesTest"/>
  <system-out/>
  <testcase name="qq_VerifySandpitEventWithQuestionnaireAndAllowResubmission" time="237.697" classname="com.md.testcases.QuickQuotesTest"/>
  <system-out/>
  <testcase name="qq_VerifyEditContent" time="10.185" classname="com.md.testcases.QuickQuotesTest"/>
  <system-out/>
</testsuite> <!-- com.md.testcases.QuickQuotesTest -->
