<?xml version="1.0" encoding="UTF-8"?>
<!-- Generated by org.testng.reporters.JUnitReportReporter -->
<testsuite skipped="0" hostname="CISM-I-458" name="com.md.testcases.MDEventTest" tests="1" failures="0" timestamp="2022-04-06T12:29:01 IST" time="58.887" errors="0">
  <testcase name="hello" time="58.887" classname="com.md.testcases.MDEventTest"/>
  <system-out/>
</testsuite> <!-- com.md.testcases.MDEventTest -->
