<?xml version="1.0" encoding="UTF-8"?>
<!-- Generated by org.testng.reporters.JUnitReportReporter -->
<testsuite skipped="0" hostname="CISM-I-458" name="com.md.testcases.ContractTest" tests="1" failures="0" timestamp="2021-10-14T18:41:59 IST" time="31.616" errors="0">
  <testcase name="contract_VerifyHeadingOnContractListingPage" time="31.616" classname="com.md.testcases.ContractTest"/>
  <system-out/>
</testsuite> <!-- com.md.testcases.ContractTest -->
