<?xml version="1.0" encoding="UTF-8"?>
<!-- Generated by org.testng.reporters.JUnitReportReporter -->
<testsuite skipped="0" hostname="CISM-I-458" name="com.md.testcases.QuickQuotesTest" tests="3" failures="0" timestamp="2022-03-03T13:30:59 IST" time="59.870" errors="0">
  <testcase name="qq_VerifyCKEditor" time="11.335" classname="com.md.testcases.QuickQuotesTest"/>
  <system-out/>
  <testcase name="qq_VerifyAwardLotPopup" time="26.142" classname="com.md.testcases.QuickQuotesTest"/>
  <system-out/>
  <testcase name="qq_VerifyCurrencySymbol" time="22.393" classname="com.md.testcases.QuickQuotesTest"/>
  <system-out/>
</testsuite> <!-- com.md.testcases.QuickQuotesTest -->
