<?xml version="1.0" encoding="UTF-8"?>
<!-- Generated by org.testng.reporters.JUnitReportReporter -->
<testsuite skipped="0" hostname="CISM-I-458" name="com.md.testcases.ContractTest" tests="5" failures="0" timestamp="2021-10-19T17:14:05 IST" time="293.909" errors="0">
  <testcase name="contract_VerifyUserIsAbleToAddContract" time="135.101" classname="com.md.testcases.ContractTest"/>
  <system-out/>
  <testcase name="contract_VerifyHeadingOnContractListingPage" time="37.592" classname="com.md.testcases.ContractTest"/>
  <system-out/>
  <testcase name="contract_VerifyUserIsAbleToSearchContract" time="37.979" classname="com.md.testcases.ContractTest"/>
  <system-out/>
  <testcase name="contract_VerifyAlertMsgOnSearchingContracts" time="42.312" classname="com.md.testcases.ContractTest"/>
  <system-out/>
  <testcase name="contract_VerifySearchContractUsingTitle" time="40.925" classname="com.md.testcases.ContractTest"/>
  <system-out/>
</testsuite> <!-- com.md.testcases.ContractTest -->
