<?xml version="1.0" encoding="UTF-8"?>
<!-- Generated by org.testng.reporters.JUnitReportReporter -->
<testsuite skipped="0" hostname="CISM-I-458" name="com.md.testcases.QuickQuotesTest" tests="5" failures="0" timestamp="2021-07-09T19:35:34 IST" time="65.890" errors="0">
  <testcase name="verifyValidationMessageOnNamefield" time="13.351" classname="com.md.testcases.QuickQuotesTest"/>
  <system-out/>
  <testcase name="verifyGetQuoteButtonIsDisable" time="6.605" classname="com.md.testcases.QuickQuotesTest"/>
  <system-out/>
  <testcase name="verifyToasterMessage" time="9.328" classname="com.md.testcases.QuickQuotesTest"/>
  <system-out/>
  <testcase name="verifyQuotebyName" time="12.229" classname="com.md.testcases.QuickQuotesTest"/>
  <system-out/>
  <testcase name="verfiyQQEventWithAllDetails" time="24.377" classname="com.md.testcases.QuickQuotesTest"/>
  <system-out/>
</testsuite> <!-- com.md.testcases.QuickQuotesTest -->
