<?xml version="1.0" encoding="UTF-8"?>
<!-- Generated by org.testng.reporters.JUnitReportReporter -->
<testsuite skipped="0" hostname="CISM-I-458" name="com.md.testcases.ContractTest" tests="2" failures="0" timestamp="2021-10-25T14:45:18 IST" time="147.439" errors="0">
  <testcase name="contract_VerifyUserIsAbleToAddContract" time="113.841" classname="com.md.testcases.ContractTest"/>
  <system-out/>
  <testcase name="contract_VerifyHeadingOnContractListingPage" time="33.598" classname="com.md.testcases.ContractTest"/>
  <system-out/>
</testsuite> <!-- com.md.testcases.ContractTest -->
