<?xml version="1.0" encoding="UTF-8"?>
<!-- Generated by org.testng.reporters.JUnitReportReporter -->
<testsuite skipped="0" hostname="CISM-I-458" name="com.md.testcases.QuickQuotesTest" tests="3" failures="0" timestamp="2021-12-29T17:34:15 IST" time="56.889" errors="0">
  <testcase name="qq_VerifyDeleteQuote" time="18.868" classname="com.md.testcases.QuickQuotesTest"/>
  <system-out/>
  <testcase name="qq_VerifyDeleteQuote" time="18.575" classname="com.md.testcases.QuickQuotesTest"/>
  <system-out/>
  <testcase name="qq_VerifyDeleteQuote" time="19.446" classname="com.md.testcases.QuickQuotesTest"/>
  <system-out/>
</testsuite> <!-- com.md.testcases.QuickQuotesTest -->
