<?xml version="1.0" encoding="UTF-8"?>
<!-- Generated by org.testng.reporters.JUnitReportReporter -->
<testsuite skipped="0" hostname="CISM-I-458" name="com.md.testcases.ContractTest" tests="1" failures="0" timestamp="2021-10-18T17:47:01 IST" time="62.056" errors="0">
  <testcase name="contract_VerifyHeadingOnContractListingPage" time="62.056" classname="com.md.testcases.ContractTest"/>
  <system-out/>
</testsuite> <!-- com.md.testcases.ContractTest -->
