<?xml version="1.0" encoding="UTF-8"?>
<!-- Generated by org.testng.reporters.JUnitReportReporter -->
<testsuite skipped="0" hostname="CISM-I-458" name="com.md.testcases.ContractTest" tests="38" failures="1" timestamp="2021-07-15T13:58:15 IST" time="2131.998" errors="1">
  <testcase name="VerifyUserIsAbleToAddContract" time="84.938" classname="com.md.testcases.ContractTest"/>
  <system-out/>
  <testcase name="VerifyHeadingOnContractListingPage" time="23.180" classname="com.md.testcases.ContractTest"/>
  <system-out/>
  <testcase name="VerifyUserIsAbleToSearchContract" time="23.435" classname="com.md.testcases.ContractTest"/>
  <system-out/>
  <testcase name="VerifyDisplayOfArchivedContracts" time="24.786" classname="com.md.testcases.ContractTest">
    <failure type="java.lang.AssertionError" message="expected [true] but found [false]">
      <![CDATA[java.lang.AssertionError: expected [true] but found [false]
at org.testng.Assert.fail(Assert.java:99)
at org.testng.Assert.failNotEquals(Assert.java:1037)
at org.testng.Assert.assertTrue(Assert.java:45)
at org.testng.Assert.assertTrue(Assert.java:55)
at com.md.testcases.ContractTest.VerifyDisplayOfArchivedContracts(ContractTest.java:53)
at sun.reflect.NativeMethodAccessorImpl.invoke0(Native Method)
at sun.reflect.NativeMethodAccessorImpl.invoke(NativeMethodAccessorImpl.java:62)
at sun.reflect.DelegatingMethodAccessorImpl.invoke(DelegatingMethodAccessorImpl.java:43)
at java.lang.reflect.Method.invoke(Method.java:498)
at org.testng.internal.MethodInvocationHelper.invokeMethod(MethodInvocationHelper.java:132)
at org.testng.internal.TestInvoker.invokeMethod(TestInvoker.java:599)
at org.testng.internal.TestInvoker.invokeTestMethod(TestInvoker.java:174)
at org.testng.internal.MethodRunner.runInSequence(MethodRunner.java:46)
at org.testng.internal.TestInvoker$MethodInvocationAgent.invoke(TestInvoker.java:822)
at org.testng.internal.TestInvoker.invokeTestMethods(TestInvoker.java:147)
at org.testng.internal.TestMethodWorker.invokeTestMethods(TestMethodWorker.java:146)
at org.testng.internal.TestMethodWorker.run(TestMethodWorker.java:128)
at java.util.ArrayList.forEach(ArrayList.java:1259)
at org.testng.TestRunner.privateRun(TestRunner.java:764)
at org.testng.TestRunner.run(TestRunner.java:585)
at org.testng.SuiteRunner.runTest(SuiteRunner.java:384)
at org.testng.SuiteRunner.runSequentially(SuiteRunner.java:378)
at org.testng.SuiteRunner.privateRun(SuiteRunner.java:337)
at org.testng.SuiteRunner.run(SuiteRunner.java:286)
at org.testng.SuiteRunnerWorker.runSuite(SuiteRunnerWorker.java:53)
at org.testng.SuiteRunnerWorker.run(SuiteRunnerWorker.java:96)
at org.testng.TestNG.runSuitesSequentially(TestNG.java:1218)
at org.testng.TestNG.runSuitesLocally(TestNG.java:1140)
at org.testng.TestNG.runSuites(TestNG.java:1069)
at org.testng.TestNG.run(TestNG.java:1037)
at org.testng.remote.AbstractRemoteTestNG.run(AbstractRemoteTestNG.java:115)
at org.testng.remote.RemoteTestNG.initAndRun(RemoteTestNG.java:251)
at org.testng.remote.RemoteTestNG.main(RemoteTestNG.java:77)
]]>
    </failure>
  </testcase> <!-- VerifyDisplayOfArchivedContracts -->
  <system-out/>
  <testcase name="VerifyAlertMsgOnSearchingContracts" time="24.076" classname="com.md.testcases.ContractTest"/>
  <system-out/>
  <testcase name="VerifySearchContractUsingTitle" time="23.708" classname="com.md.testcases.ContractTest"/>
  <system-out/>
  <testcase name="VerifySearchContractUsingStartDate" time="24.296" classname="com.md.testcases.ContractTest"/>
  <system-out/>
  <testcase name="VerifySearchContractUsingExpiryDate" time="24.039" classname="com.md.testcases.ContractTest"/>
  <system-out/>
  <testcase name="VerifySearchContractUsingCategory" time="24.785" classname="com.md.testcases.ContractTest"/>
  <system-out/>
  <testcase name="VerifySearchContractUsingSupplier" time="26.603" classname="com.md.testcases.ContractTest"/>
  <system-out/>
  <testcase name="VerifySearchContractUsingValue" time="26.617" classname="com.md.testcases.ContractTest"/>
  <system-out/>
  <testcase name="VerifySearchContractUsingStakeHolder" time="26.302" classname="com.md.testcases.ContractTest"/>
  <system-out/>
  <testcase name="VerifyContractValidationMsg" time="49.466" classname="com.md.testcases.ContractTest"/>
  <system-out/>
  <testcase name="VerifyUserNavigationToContractForm" time="46.153" classname="com.md.testcases.ContractTest"/>
  <system-out/>
  <testcase name="VerifySearchContractUsingOwner" time="24.299" classname="com.md.testcases.ContractTest"/>
  <system-out/>
  <testcase name="VerifyOneMonthNoticePeriodIsSelectedByDefault" time="61.239" classname="com.md.testcases.ContractTest"/>
  <system-out/>
  <testcase name="VerifyUserIsAbleToEditContract" time="48.560" classname="com.md.testcases.ContractTest"/>
  <system-out/>
  <testcase name="VerifyDisplayOfCategoryInContractForm" time="47.401" classname="com.md.testcases.ContractTest"/>
  <system-out/>
  <testcase name="VerifyAutoSuggestionForSupplierContact" time="55.223" classname="com.md.testcases.ContractTest"/>
  <system-out/>
  <testcase name="VerifyAutoSuggestionForStakeHolder" time="56.574" classname="com.md.testcases.ContractTest"/>
  <system-out/>
  <testcase name="VerifyDisplayOfSupplierContactDetails" time="54.521" classname="com.md.testcases.ContractTest"/>
  <system-out/>
  <testcase name="VerifyAlertMsgIfHostAddedToSupplierContact" time="53.827" classname="com.md.testcases.ContractTest"/>
  <system-out/>
  <testcase name="VerifyRemovalOfSupplierContact" time="58.495" classname="com.md.testcases.ContractTest"/>
  <system-out/>
  <testcase name="VerifyAtleastOneValueInSupplierContact" time="58.879" classname="com.md.testcases.ContractTest"/>
  <system-out/>
  <testcase name="VerifyAlertMsgIfParticipantAddedToStakeHolder" time="55.496" classname="com.md.testcases.ContractTest"/>
  <system-out/>
  <testcase name="VerifyDisplayOfDropbox" time="48.609" classname="com.md.testcases.ContractTest"/>
  <system-out/>
  <testcase name="VerifyNoticePeriodChangeAccordingToPeriodSelected" time="67.557" classname="com.md.testcases.ContractTest"/>
  <system-out/>
  <testcase name="VerifyDisplayOfExpiryNotiticationLink" time="57.989" classname="com.md.testcases.ContractTest"/>
  <system-out/>
  <testcase name="VerifySupplierAndStakeHolderInRecipientPopup" time="57.240" classname="com.md.testcases.ContractTest">
    <error type="org.openqa.selenium.ElementNotInteractableException" message="element not interactable: Element is not currently visible and may not be manipulated
  (Session info: chrome=91.0.4472.124)
Build info: version: &#039;3.141.59&#039;, revision: &#039;e82be7d358&#039;, time: &#039;2018-11-14T08:17:03&#039;
System info: host: &#039;CISM-I-458&#039;, ip: &#039;192.168.2.203&#039;, os.name: &#039;Windows 10&#039;, os.arch: &#039;amd64&#039;, os.version: &#039;10.0&#039;, java.version: &#039;1.8.0_281&#039;
Driver info: org.openqa.selenium.chrome.ChromeDriver
Capabilities {acceptInsecureCerts: false, browserName: chrome, browserVersion: 91.0.4472.124, chrome: {chromedriverVersion: 91.0.4472.19 (1bf021f248676..., userDataDir: C:\Users\cis\AppData\Local\...}, goog:chromeOptions: {debuggerAddress: localhost:61423}, javascriptEnabled: true, networkConnectionEnabled: false, pageLoadStrategy: normal, platform: WINDOWS, platformName: WINDOWS, proxy: Proxy(), setWindowRect: true, strictFileInteractability: false, timeouts: {implicit: 0, pageLoad: 300000, script: 30000}, unhandledPromptBehavior: dismiss and notify, webauthn:extension:largeBlob: true, webauthn:virtualAuthenticators: true}
Session ID: 6e6eaf09214ffdff8f00fed6dd4653d0">
      <![CDATA[org.openqa.selenium.ElementNotInteractableException: element not interactable: Element is not currently visible and may not be manipulated
  (Session info: chrome=91.0.4472.124)
Build info: version: '3.141.59', revision: 'e82be7d358', time: '2018-11-14T08:17:03'
System info: host: 'CISM-I-458', ip: '192.168.2.203', os.name: 'Windows 10', os.arch: 'amd64', os.version: '10.0', java.version: '1.8.0_281'
Driver info: org.openqa.selenium.chrome.ChromeDriver
Capabilities {acceptInsecureCerts: false, browserName: chrome, browserVersion: 91.0.4472.124, chrome: {chromedriverVersion: 91.0.4472.19 (1bf021f248676..., userDataDir: C:\Users\cis\AppData\Local\...}, goog:chromeOptions: {debuggerAddress: localhost:61423}, javascriptEnabled: true, networkConnectionEnabled: false, pageLoadStrategy: normal, platform: WINDOWS, platformName: WINDOWS, proxy: Proxy(), setWindowRect: true, strictFileInteractability: false, timeouts: {implicit: 0, pageLoad: 300000, script: 30000}, unhandledPromptBehavior: dismiss and notify, webauthn:extension:largeBlob: true, webauthn:virtualAuthenticators: true}
Session ID: 6e6eaf09214ffdff8f00fed6dd4653d0
at sun.reflect.NativeConstructorAccessorImpl.newInstance0(Native Method)
at sun.reflect.NativeConstructorAccessorImpl.newInstance(NativeConstructorAccessorImpl.java:62)
at sun.reflect.DelegatingConstructorAccessorImpl.newInstance(DelegatingConstructorAccessorImpl.java:45)
at java.lang.reflect.Constructor.newInstance(Constructor.java:423)
at org.openqa.selenium.remote.http.W3CHttpResponseCodec.createException(W3CHttpResponseCodec.java:187)
at org.openqa.selenium.remote.http.W3CHttpResponseCodec.decode(W3CHttpResponseCodec.java:122)
at org.openqa.selenium.remote.http.W3CHttpResponseCodec.decode(W3CHttpResponseCodec.java:49)
at org.openqa.selenium.remote.HttpCommandExecutor.execute(HttpCommandExecutor.java:158)
at org.openqa.selenium.remote.service.DriverCommandExecutor.execute(DriverCommandExecutor.java:83)
at org.openqa.selenium.remote.RemoteWebDriver.execute(RemoteWebDriver.java:552)
at org.openqa.selenium.remote.RemoteWebElement.execute(RemoteWebElement.java:285)
at org.openqa.selenium.remote.RemoteWebElement.click(RemoteWebElement.java:84)
at org.openqa.selenium.support.ui.Select.setSelected(Select.java:311)
at org.openqa.selenium.support.ui.Select.selectByVisibleText(Select.java:116)
at com.md.pages.Contract.VerifySupplierAndStakeHolderInRecipientPopup(Contract.java:1899)
at com.md.testcases.ContractTest.VerifySupplierAndStakeHolderInRecipientPopup(ContractTest.java:224)
at sun.reflect.NativeMethodAccessorImpl.invoke0(Native Method)
at sun.reflect.NativeMethodAccessorImpl.invoke(NativeMethodAccessorImpl.java:62)
at sun.reflect.DelegatingMethodAccessorImpl.invoke(DelegatingMethodAccessorImpl.java:43)
at java.lang.reflect.Method.invoke(Method.java:498)
at org.testng.internal.MethodInvocationHelper.invokeMethod(MethodInvocationHelper.java:132)
at org.testng.internal.TestInvoker.invokeMethod(TestInvoker.java:599)
at org.testng.internal.TestInvoker.invokeTestMethod(TestInvoker.java:174)
at org.testng.internal.MethodRunner.runInSequence(MethodRunner.java:46)
at org.testng.internal.TestInvoker$MethodInvocationAgent.invoke(TestInvoker.java:822)
at org.testng.internal.TestInvoker.invokeTestMethods(TestInvoker.java:147)
at org.testng.internal.TestMethodWorker.invokeTestMethods(TestMethodWorker.java:146)
at org.testng.internal.TestMethodWorker.run(TestMethodWorker.java:128)
at java.util.ArrayList.forEach(ArrayList.java:1259)
at org.testng.TestRunner.privateRun(TestRunner.java:764)
at org.testng.TestRunner.run(TestRunner.java:585)
at org.testng.SuiteRunner.runTest(SuiteRunner.java:384)
at org.testng.SuiteRunner.runSequentially(SuiteRunner.java:378)
at org.testng.SuiteRunner.privateRun(SuiteRunner.java:337)
at org.testng.SuiteRunner.run(SuiteRunner.java:286)
at org.testng.SuiteRunnerWorker.runSuite(SuiteRunnerWorker.java:53)
at org.testng.SuiteRunnerWorker.run(SuiteRunnerWorker.java:96)
at org.testng.TestNG.runSuitesSequentially(TestNG.java:1218)
at org.testng.TestNG.runSuitesLocally(TestNG.java:1140)
at org.testng.TestNG.runSuites(TestNG.java:1069)
at org.testng.TestNG.run(TestNG.java:1037)
at org.testng.remote.AbstractRemoteTestNG.run(AbstractRemoteTestNG.java:115)
at org.testng.remote.RemoteTestNG.initAndRun(RemoteTestNG.java:251)
at org.testng.remote.RemoteTestNG.main(RemoteTestNG.java:77)
]]>
    </error>
  </testcase> <!-- VerifySupplierAndStakeHolderInRecipientPopup -->
  <system-out/>
  <testcase name="VerifyDisplayOfCustomNotiticationLink" time="57.536" classname="com.md.testcases.ContractTest"/>
  <system-out/>
  <testcase name="VerifyDisplayOfParentHeirarchyDropdown" time="49.250" classname="com.md.testcases.ContractTest"/>
  <system-out/>
  <testcase name="VerifySelectedParentNotDisplayInChildDropdown" time="72.212" classname="com.md.testcases.ContractTest"/>
  <system-out/>
  <testcase name="VerifySelectedChildNotDisplayInParentDropdown" time="73.895" classname="com.md.testcases.ContractTest"/>
  <system-out/>
  <testcase name="VerifyLanguageChange" time="74.670" classname="com.md.testcases.ContractTest"/>
  <system-out/>
  <testcase name="VerifyActiveHeadingsDisplayInContractForm" time="179.783" classname="com.md.testcases.ContractTest"/>
  <system-out/>
  <testcase name="VerifyActiveHeadingsDisplayInContractListingPage" time="126.149" classname="com.md.testcases.ContractTest"/>
  <system-out/>
  <testcase name="VerifyContractListingOnLanguageChange" time="70.185" classname="com.md.testcases.ContractTest"/>
  <system-out/>
  <testcase name="VerifyCustomFieldDisplayInContractForm" time="170.025" classname="com.md.testcases.ContractTest"/>
  <system-out/>
</testsuite> <!-- com.md.testcases.ContractTest -->
