<?xml version="1.0" encoding="UTF-8"?>
<!-- Generated by org.testng.reporters.JUnitReportReporter -->
<testsuite skipped="39" hostname="CISM-I-458" name="com.md.testcases.ContractTest" tests="40" failures="0" timestamp="2021-07-06T15:29:43 IST" time="0.054" errors="1">
  <testcase name="setUp" time="0.054" classname="com.md.testcases.ContractTest">
    <error type="java.lang.IllegalStateException" message="The driver executable does not exist: D:\Selinium Workspace\MarketDojoAutomation">
      <![CDATA[java.lang.IllegalStateException: The driver executable does not exist: D:\Selinium Workspace\MarketDojoAutomation
at com.google.common.base.Preconditions.checkState(Preconditions.java:585)
at org.openqa.selenium.remote.service.DriverService.checkExecutable(DriverService.java:146)
at org.openqa.selenium.remote.service.DriverService.findExecutable(DriverService.java:141)
at org.openqa.selenium.chrome.ChromeDriverService.access$000(ChromeDriverService.java:35)
at org.openqa.selenium.chrome.ChromeDriverService$Builder.findDefaultExecutable(ChromeDriverService.java:159)
at org.openqa.selenium.remote.service.DriverService$Builder.build(DriverService.java:355)
at org.openqa.selenium.chrome.ChromeDriverService.createDefaultService(ChromeDriverService.java:94)
at org.openqa.selenium.chrome.ChromeDriver.<init>(ChromeDriver.java:157)
at com.md.base.TestBase.initialization(TestBase.java:70)
at com.md.testcases.ContractTest.setUp(ContractTest.java:37)
at sun.reflect.NativeMethodAccessorImpl.invoke0(Native Method)
at sun.reflect.NativeMethodAccessorImpl.invoke(NativeMethodAccessorImpl.java:62)
at sun.reflect.DelegatingMethodAccessorImpl.invoke(DelegatingMethodAccessorImpl.java:43)
at java.lang.reflect.Method.invoke(Method.java:498)
at org.testng.internal.MethodInvocationHelper.invokeMethod(MethodInvocationHelper.java:132)
at org.testng.internal.MethodInvocationHelper.invokeMethodConsideringTimeout(MethodInvocationHelper.java:61)
at org.testng.internal.ConfigInvoker.invokeConfigurationMethod(ConfigInvoker.java:366)
at org.testng.internal.ConfigInvoker.invokeConfigurations(ConfigInvoker.java:320)
at org.testng.TestRunner.invokeTestConfigurations(TestRunner.java:617)
at org.testng.TestRunner.beforeRun(TestRunner.java:607)
at org.testng.TestRunner.run(TestRunner.java:578)
at org.testng.SuiteRunner.runTest(SuiteRunner.java:384)
at org.testng.SuiteRunner.runSequentially(SuiteRunner.java:378)
at org.testng.SuiteRunner.privateRun(SuiteRunner.java:337)
at org.testng.SuiteRunner.run(SuiteRunner.java:286)
at org.testng.SuiteRunnerWorker.runSuite(SuiteRunnerWorker.java:53)
at org.testng.SuiteRunnerWorker.run(SuiteRunnerWorker.java:96)
at org.testng.TestNG.runSuitesSequentially(TestNG.java:1218)
at org.testng.TestNG.runSuitesLocally(TestNG.java:1140)
at org.testng.TestNG.runSuites(TestNG.java:1069)
at org.testng.TestNG.run(TestNG.java:1037)
at org.testng.remote.AbstractRemoteTestNG.run(AbstractRemoteTestNG.java:115)
at org.testng.remote.RemoteTestNG.initAndRun(RemoteTestNG.java:251)
at org.testng.remote.RemoteTestNG.main(RemoteTestNG.java:77)
]]>
    </error>
  </testcase> <!-- setUp -->
  <system-out/>
  <testcase name="VerifyUserIsAbleToAddContract" time="0.000" classname="com.md.testcases.ContractTest">
    <skipped/>
  </testcase> <!-- VerifyUserIsAbleToAddContract -->
  <system-out/>
  <testcase name="VerifyHeadingOnContractListingPage" time="0.000" classname="com.md.testcases.ContractTest">
    <skipped/>
  </testcase> <!-- VerifyHeadingOnContractListingPage -->
  <system-out/>
  <testcase name="VerifyUserIsAbleToSearchContract" time="0.000" classname="com.md.testcases.ContractTest">
    <skipped/>
  </testcase> <!-- VerifyUserIsAbleToSearchContract -->
  <system-out/>
  <testcase name="VerifyDisplayOfArchivedContracts" time="0.000" classname="com.md.testcases.ContractTest">
    <skipped/>
  </testcase> <!-- VerifyDisplayOfArchivedContracts -->
  <system-out/>
  <testcase name="VerifyAlertMsgOnSearchingContracts" time="0.000" classname="com.md.testcases.ContractTest">
    <skipped/>
  </testcase> <!-- VerifyAlertMsgOnSearchingContracts -->
  <system-out/>
  <testcase name="VerifySearchContractUsingOwner" time="0.000" classname="com.md.testcases.ContractTest">
    <skipped/>
  </testcase> <!-- VerifySearchContractUsingOwner -->
  <system-out/>
  <testcase name="VerifySearchContractUsingTitle" time="0.000" classname="com.md.testcases.ContractTest">
    <skipped/>
  </testcase> <!-- VerifySearchContractUsingTitle -->
  <system-out/>
  <testcase name="VerifySearchContractUsingCategory" time="0.000" classname="com.md.testcases.ContractTest">
    <skipped/>
  </testcase> <!-- VerifySearchContractUsingCategory -->
  <system-out/>
  <testcase name="VerifySearchContractUsingSupplier" time="0.000" classname="com.md.testcases.ContractTest">
    <skipped/>
  </testcase> <!-- VerifySearchContractUsingSupplier -->
  <system-out/>
  <testcase name="VerifySearchContractUsingStartDate" time="0.000" classname="com.md.testcases.ContractTest">
    <skipped/>
  </testcase> <!-- VerifySearchContractUsingStartDate -->
  <system-out/>
  <testcase name="VerifySearchContractUsingExpiryDate" time="0.000" classname="com.md.testcases.ContractTest">
    <skipped/>
  </testcase> <!-- VerifySearchContractUsingExpiryDate -->
  <system-out/>
  <testcase name="VerifySearchContractUsingValue" time="0.000" classname="com.md.testcases.ContractTest">
    <skipped/>
  </testcase> <!-- VerifySearchContractUsingValue -->
  <system-out/>
  <testcase name="VerifySearchContractUsingStakeHolder" time="0.000" classname="com.md.testcases.ContractTest">
    <skipped/>
  </testcase> <!-- VerifySearchContractUsingStakeHolder -->
  <system-out/>
  <testcase name="VerifySearchContractUsingState" time="0.000" classname="com.md.testcases.ContractTest">
    <skipped/>
  </testcase> <!-- VerifySearchContractUsingState -->
  <system-out/>
  <testcase name="VerifyContractValidationMsg" time="0.000" classname="com.md.testcases.ContractTest">
    <skipped/>
  </testcase> <!-- VerifyContractValidationMsg -->
  <system-out/>
  <testcase name="VerifyOneMonthNoticePeriodIsSelectedByDefault" time="0.000" classname="com.md.testcases.ContractTest">
    <skipped/>
  </testcase> <!-- VerifyOneMonthNoticePeriodIsSelectedByDefault -->
  <system-out/>
  <testcase name="VerifyUserNavigationToContractForm" time="0.000" classname="com.md.testcases.ContractTest">
    <skipped/>
  </testcase> <!-- VerifyUserNavigationToContractForm -->
  <system-out/>
  <testcase name="VerifyUserIsAbleToEditContract" time="0.000" classname="com.md.testcases.ContractTest">
    <skipped/>
  </testcase> <!-- VerifyUserIsAbleToEditContract -->
  <system-out/>
  <testcase name="VerifyDisplayOfCategoryInContractForm" time="0.000" classname="com.md.testcases.ContractTest">
    <skipped/>
  </testcase> <!-- VerifyDisplayOfCategoryInContractForm -->
  <system-out/>
  <testcase name="VerifyAutoSuggestionForSupplierContact" time="0.000" classname="com.md.testcases.ContractTest">
    <skipped/>
  </testcase> <!-- VerifyAutoSuggestionForSupplierContact -->
  <system-out/>
  <testcase name="VerifyAutoSuggestionForStakeHolder" time="0.000" classname="com.md.testcases.ContractTest">
    <skipped/>
  </testcase> <!-- VerifyAutoSuggestionForStakeHolder -->
  <system-out/>
  <testcase name="VerifyDisplayOfSupplierContactDetails" time="0.000" classname="com.md.testcases.ContractTest">
    <skipped/>
  </testcase> <!-- VerifyDisplayOfSupplierContactDetails -->
  <system-out/>
  <testcase name="VerifyAlertMsgIfHostAddedToSupplierContact" time="0.000" classname="com.md.testcases.ContractTest">
    <skipped/>
  </testcase> <!-- VerifyAlertMsgIfHostAddedToSupplierContact -->
  <system-out/>
  <testcase name="VerifyRemovalOfSupplierContact" time="0.000" classname="com.md.testcases.ContractTest">
    <skipped/>
  </testcase> <!-- VerifyRemovalOfSupplierContact -->
  <system-out/>
  <testcase name="VerifyAtleastOneValueInSupplierContact" time="0.000" classname="com.md.testcases.ContractTest">
    <skipped/>
  </testcase> <!-- VerifyAtleastOneValueInSupplierContact -->
  <system-out/>
  <testcase name="VerifyAlertMsgIfParticipantAddedToStakeHolder" time="0.000" classname="com.md.testcases.ContractTest">
    <skipped/>
  </testcase> <!-- VerifyAlertMsgIfParticipantAddedToStakeHolder -->
  <system-out/>
  <testcase name="VerifyDisplayOfDropbox" time="0.000" classname="com.md.testcases.ContractTest">
    <skipped/>
  </testcase> <!-- VerifyDisplayOfDropbox -->
  <system-out/>
  <testcase name="VerifyNoticePeriodChangeAccordingToPeriodSelected" time="0.000" classname="com.md.testcases.ContractTest">
    <skipped/>
  </testcase> <!-- VerifyNoticePeriodChangeAccordingToPeriodSelected -->
  <system-out/>
  <testcase name="VerifyDisplayOfExpiryNotiticationLink" time="0.000" classname="com.md.testcases.ContractTest">
    <skipped/>
  </testcase> <!-- VerifyDisplayOfExpiryNotiticationLink -->
  <system-out/>
  <testcase name="VerifySupplierAndStakeHolderInRecipientPopup" time="0.000" classname="com.md.testcases.ContractTest">
    <skipped/>
  </testcase> <!-- VerifySupplierAndStakeHolderInRecipientPopup -->
  <system-out/>
  <testcase name="VerifyDisplayOfCustomNotiticationLink" time="0.000" classname="com.md.testcases.ContractTest">
    <skipped/>
  </testcase> <!-- VerifyDisplayOfCustomNotiticationLink -->
  <system-out/>
  <testcase name="VerifyDisplayOfParentHeirarchyDropdown" time="0.000" classname="com.md.testcases.ContractTest">
    <skipped/>
  </testcase> <!-- VerifyDisplayOfParentHeirarchyDropdown -->
  <system-out/>
  <testcase name="VerifySelectedParentNotDisplayInChildDropdown" time="0.000" classname="com.md.testcases.ContractTest">
    <skipped/>
  </testcase> <!-- VerifySelectedParentNotDisplayInChildDropdown -->
  <system-out/>
  <testcase name="VerifySelectedChildNotDisplayInParentDropdown" time="0.000" classname="com.md.testcases.ContractTest">
    <skipped/>
  </testcase> <!-- VerifySelectedChildNotDisplayInParentDropdown -->
  <system-out/>
  <testcase name="VerifyLanguageChange" time="0.000" classname="com.md.testcases.ContractTest">
    <skipped/>
  </testcase> <!-- VerifyLanguageChange -->
  <system-out/>
  <testcase name="VerifyActiveHeadingsDisplayInContractForm" time="0.000" classname="com.md.testcases.ContractTest">
    <skipped/>
  </testcase> <!-- VerifyActiveHeadingsDisplayInContractForm -->
  <system-out/>
  <testcase name="VerifyActiveHeadingsDisplayInContractListingPage" time="0.000" classname="com.md.testcases.ContractTest">
    <skipped/>
  </testcase> <!-- VerifyActiveHeadingsDisplayInContractListingPage -->
  <system-out/>
  <testcase name="VerifyContractListingOnLanguageChange" time="0.000" classname="com.md.testcases.ContractTest">
    <skipped/>
  </testcase> <!-- VerifyContractListingOnLanguageChange -->
  <system-out/>
  <testcase name="VerifyCustomFieldDisplayInContractForm" time="0.000" classname="com.md.testcases.ContractTest">
    <skipped/>
  </testcase> <!-- VerifyCustomFieldDisplayInContractForm -->
  <system-out/>
</testsuite> <!-- com.md.testcases.ContractTest -->
