<?xml version="1.0" encoding="UTF-8"?>
<!-- Generated by org.testng.reporters.JUnitReportReporter -->
<testsuite skipped="0" hostname="CISM-I-458" name="com.md.testcases.QuickQuotesTest" tests="3" failures="0" timestamp="2021-10-29T14:21:37 IST" time="138.440" errors="0">
  <testcase name="qq_VerifyDeleteQuote" time="12.884" classname="com.md.testcases.QuickQuotesTest"/>
  <system-out/>
  <testcase name="qq_VerifySearchQuote" time="0.829" classname="com.md.testcases.QuickQuotesTest"/>
  <system-out/>
  <testcase name="qq_VerifyCreateMessage" time="124.727" classname="com.md.testcases.QuickQuotesTest"/>
  <system-out/>
</testsuite> <!-- com.md.testcases.QuickQuotesTest -->
