<?xml version="1.0" encoding="UTF-8"?>
<!-- Generated by org.testng.reporters.JUnitReportReporter -->
<testsuite skipped="6" hostname="CISM-I-458" name="com.md.testcases.QuickQuotesTest" tests="6" failures="0" timestamp="2021-07-06T15:29:43 IST" time="0.000" errors="0">
  <testcase name="verifyValidationMessageOnNamefield" time="0.000" classname="com.md.testcases.QuickQuotesTest">
    <skipped/>
  </testcase> <!-- verifyValidationMessageOnNamefield -->
  <system-out/>
  <testcase name="verifyGetQuoteButtonIsDisable" time="0.000" classname="com.md.testcases.QuickQuotesTest">
    <skipped/>
  </testcase> <!-- verifyGetQuoteButtonIsDisable -->
  <system-out/>
  <testcase name="verifyToasterMessage" time="0.000" classname="com.md.testcases.QuickQuotesTest">
    <skipped/>
  </testcase> <!-- verifyToasterMessage -->
  <system-out/>
  <testcase name="createQuotebyName" time="0.000" classname="com.md.testcases.QuickQuotesTest">
    <skipped/>
  </testcase> <!-- createQuotebyName -->
  <system-out/>
  <testcase name="verfiyQQEventWithAllDetails" time="0.000" classname="com.md.testcases.QuickQuotesTest">
    <skipped/>
  </testcase> <!-- verfiyQQEventWithAllDetails -->
  <system-out/>
  <testcase name="verifySandpitEventWithQuestionnaire" time="0.000" classname="com.md.testcases.QuickQuotesTest">
    <skipped/>
  </testcase> <!-- verifySandpitEventWithQuestionnaire -->
  <system-out/>
</testsuite> <!-- com.md.testcases.QuickQuotesTest -->
