<?xml version="1.0" encoding="UTF-8"?>
<!-- Generated by org.testng.reporters.JUnitReportReporter -->
<testsuite skipped="0" hostname="CISM-I-458" name="com.md.testcases.MDEventTest" tests="2" failures="0" timestamp="2022-04-29T18:25:48 IST" time="184.669" errors="0">
  <testcase name="md_VerifyLogo" time="43.764" classname="com.md.testcases.MDEventTest"/>
  <system-out/>
  <testcase name="hello" time="140.905" classname="com.md.testcases.MDEventTest"/>
  <system-out/>
</testsuite> <!-- com.md.testcases.MDEventTest -->
