<?xml version="1.0" encoding="UTF-8"?>
<!-- Generated by org.testng.reporters.JUnitReportReporter -->
<testsuite skipped="18" hostname="CISM-I-458" name="com.md.testcases.QuickQuotesTest" tests="19" failures="0" timestamp="2022-04-29T12:43:40 IST" time="58.246" errors="1">
  <testcase name="QQSetUp" time="58.246" classname="com.md.testcases.QuickQuotesTest">
    <error type="org.openqa.selenium.NoSuchElementException" message="no such element: Unable to locate element: {&quot;method&quot;:&quot;xpath&quot;,&quot;selector&quot;:&quot;//a[contains(text(),&#039;Quick Quotes&#039;)]&quot;}
  (Session info: chrome=99.0.4844.82)
For documentation on this error, please visit: https://www.seleniumhq.org/exceptions/no_such_element.html
Build info: version: &#039;3.141.59&#039;, revision: &#039;e82be7d358&#039;, time: &#039;2018-11-14T08:25:53&#039;
System info: host: &#039;CISM-I-458&#039;, ip: &#039;192.168.2.203&#039;, os.name: &#039;Windows 10&#039;, os.arch: &#039;amd64&#039;, os.version: &#039;10.0&#039;, java.version: &#039;1.8.0_281&#039;
Driver info: org.openqa.selenium.chrome.ChromeDriver
Capabilities {acceptInsecureCerts: false, browserName: chrome, browserVersion: 99.0.4844.82, chrome: {chromedriverVersion: 99.0.4844.51 (d537ec02474b5..., userDataDir: C:\Users\cis\AppData\Local\...}, goog:chromeOptions: {debuggerAddress: localhost:51407}, javascriptEnabled: true, networkConnectionEnabled: false, pageLoadStrategy: normal, platform: WINDOWS, platformName: WINDOWS, proxy: Proxy(), setWindowRect: true, strictFileInteractability: false, timeouts: {implicit: 0, pageLoad: 300000, script: 30000}, unhandledPromptBehavior: dismiss and notify, webauthn:extension:credBlob: true, webauthn:extension:largeBlob: true, webauthn:virtualAuthenticators: true}
Session ID: 8fbfd961ca4e24e2bc7fdd7870132a6c
*** Element info: {Using=xpath, value=//a[contains(text(),&#039;Quick Quotes&#039;)]}">
      <![CDATA[org.openqa.selenium.NoSuchElementException: no such element: Unable to locate element: {"method":"xpath","selector":"//a[contains(text(),'Quick Quotes')]"}
  (Session info: chrome=99.0.4844.82)
For documentation on this error, please visit: https://www.seleniumhq.org/exceptions/no_such_element.html
Build info: version: '3.141.59', revision: 'e82be7d358', time: '2018-11-14T08:25:53'
System info: host: 'CISM-I-458', ip: '192.168.2.203', os.name: 'Windows 10', os.arch: 'amd64', os.version: '10.0', java.version: '1.8.0_281'
Driver info: org.openqa.selenium.chrome.ChromeDriver
Capabilities {acceptInsecureCerts: false, browserName: chrome, browserVersion: 99.0.4844.82, chrome: {chromedriverVersion: 99.0.4844.51 (d537ec02474b5..., userDataDir: C:\Users\cis\AppData\Local\...}, goog:chromeOptions: {debuggerAddress: localhost:51407}, javascriptEnabled: true, networkConnectionEnabled: false, pageLoadStrategy: normal, platform: WINDOWS, platformName: WINDOWS, proxy: Proxy(), setWindowRect: true, strictFileInteractability: false, timeouts: {implicit: 0, pageLoad: 300000, script: 30000}, unhandledPromptBehavior: dismiss and notify, webauthn:extension:credBlob: true, webauthn:extension:largeBlob: true, webauthn:virtualAuthenticators: true}
Session ID: 8fbfd961ca4e24e2bc7fdd7870132a6c
*** Element info: {Using=xpath, value=//a[contains(text(),'Quick Quotes')]}
at sun.reflect.NativeConstructorAccessorImpl.newInstance0(Native Method)
at sun.reflect.NativeConstructorAccessorImpl.newInstance(NativeConstructorAccessorImpl.java:62)
at sun.reflect.DelegatingConstructorAccessorImpl.newInstance(DelegatingConstructorAccessorImpl.java:45)
at java.lang.reflect.Constructor.newInstance(Constructor.java:423)
at org.openqa.selenium.remote.http.W3CHttpResponseCodec.createException(W3CHttpResponseCodec.java:187)
at org.openqa.selenium.remote.http.W3CHttpResponseCodec.decode(W3CHttpResponseCodec.java:122)
at org.openqa.selenium.remote.http.W3CHttpResponseCodec.decode(W3CHttpResponseCodec.java:49)
at org.openqa.selenium.remote.HttpCommandExecutor.execute(HttpCommandExecutor.java:158)
at org.openqa.selenium.remote.service.DriverCommandExecutor.execute(DriverCommandExecutor.java:83)
at org.openqa.selenium.remote.RemoteWebDriver.execute(RemoteWebDriver.java:552)
at org.openqa.selenium.remote.RemoteWebDriver.findElement(RemoteWebDriver.java:323)
at org.openqa.selenium.remote.RemoteWebDriver.findElementByXPath(RemoteWebDriver.java:428)
at org.openqa.selenium.By$ByXPath.findElement(By.java:353)
at org.openqa.selenium.remote.RemoteWebDriver.findElement(RemoteWebDriver.java:315)
at org.openqa.selenium.support.pagefactory.DefaultElementLocator.findElement(DefaultElementLocator.java:69)
at org.openqa.selenium.support.pagefactory.internal.LocatingElementHandler.invoke(LocatingElementHandler.java:38)
at com.sun.proxy.$Proxy10.getWrappedElement(Unknown Source)
at org.openqa.selenium.remote.internal.WebElementToJsonConverter.apply(WebElementToJsonConverter.java:50)
at java.util.stream.ReferencePipeline$3$1.accept(ReferencePipeline.java:193)
at java.util.Spliterators$ArraySpliterator.forEachRemaining(Spliterators.java:948)
at java.util.stream.AbstractPipeline.copyInto(AbstractPipeline.java:482)
at java.util.stream.AbstractPipeline.wrapAndCopyInto(AbstractPipeline.java:472)
at java.util.stream.ReduceOps$ReduceOp.evaluateSequential(ReduceOps.java:708)
at java.util.stream.AbstractPipeline.evaluate(AbstractPipeline.java:234)
at java.util.stream.ReferencePipeline.collect(ReferencePipeline.java:499)
at org.openqa.selenium.remote.RemoteWebDriver.executeScript(RemoteWebDriver.java:484)
at com.md.pages.QuickQuotesPage.redirectFromMdDashboardToQuoteListing(QuickQuotesPage.java:521)
at com.md.testcases.QuickQuotesTest.QQSetUp(QuickQuotesTest.java:29)
at sun.reflect.NativeMethodAccessorImpl.invoke0(Native Method)
at sun.reflect.NativeMethodAccessorImpl.invoke(NativeMethodAccessorImpl.java:62)
at sun.reflect.DelegatingMethodAccessorImpl.invoke(DelegatingMethodAccessorImpl.java:43)
at java.lang.reflect.Method.invoke(Method.java:498)
at org.testng.internal.MethodInvocationHelper.invokeMethod(MethodInvocationHelper.java:132)
at org.testng.internal.MethodInvocationHelper.invokeMethodConsideringTimeout(MethodInvocationHelper.java:61)
at org.testng.internal.ConfigInvoker.invokeConfigurationMethod(ConfigInvoker.java:366)
at org.testng.internal.ConfigInvoker.invokeConfigurations(ConfigInvoker.java:320)
at org.testng.internal.TestMethodWorker.invokeBeforeClassMethods(TestMethodWorker.java:176)
at org.testng.internal.TestMethodWorker.run(TestMethodWorker.java:122)
at java.util.ArrayList.forEach(ArrayList.java:1259)
at org.testng.TestRunner.privateRun(TestRunner.java:764)
at org.testng.TestRunner.run(TestRunner.java:585)
at org.testng.SuiteRunner.runTest(SuiteRunner.java:384)
at org.testng.SuiteRunner.runSequentially(SuiteRunner.java:378)
at org.testng.SuiteRunner.privateRun(SuiteRunner.java:337)
at org.testng.SuiteRunner.run(SuiteRunner.java:286)
at org.testng.SuiteRunnerWorker.runSuite(SuiteRunnerWorker.java:53)
at org.testng.SuiteRunnerWorker.run(SuiteRunnerWorker.java:96)
at org.testng.TestNG.runSuitesSequentially(TestNG.java:1218)
at org.testng.TestNG.runSuitesLocally(TestNG.java:1140)
at org.testng.TestNG.runSuites(TestNG.java:1069)
at org.testng.TestNG.run(TestNG.java:1037)
at org.testng.remote.AbstractRemoteTestNG.run(AbstractRemoteTestNG.java:115)
at org.testng.remote.RemoteTestNG.initAndRun(RemoteTestNG.java:251)
at org.testng.remote.RemoteTestNG.main(RemoteTestNG.java:77)
]]>
    </error>
  </testcase> <!-- QQSetUp -->
  <system-out/>
  <testcase name="qq_VerifyTitleTest" time="0.000" classname="com.md.testcases.QuickQuotesTest">
    <skipped/>
  </testcase> <!-- qq_VerifyTitleTest -->
  <system-out/>
  <testcase name="qq_VerifyUserName" time="0.000" classname="com.md.testcases.QuickQuotesTest">
    <skipped/>
  </testcase> <!-- qq_VerifyUserName -->
  <system-out/>
  <testcase name="qq_VerifyCompanyLogo" time="0.000" classname="com.md.testcases.QuickQuotesTest">
    <skipped/>
  </testcase> <!-- qq_VerifyCompanyLogo -->
  <system-out/>
  <testcase name="qq_VerifyValidationMessageOnNamefield" time="0.000" classname="com.md.testcases.QuickQuotesTest">
    <skipped/>
  </testcase> <!-- qq_VerifyValidationMessageOnNamefield -->
  <system-out/>
  <testcase name="qq_VerifyGetQuoteButtonIsDisable" time="0.000" classname="com.md.testcases.QuickQuotesTest">
    <skipped/>
  </testcase> <!-- qq_VerifyGetQuoteButtonIsDisable -->
  <system-out/>
  <testcase name="qq_VerifyToasterMessage" time="0.000" classname="com.md.testcases.QuickQuotesTest">
    <skipped/>
  </testcase> <!-- qq_VerifyToasterMessage -->
  <system-out/>
  <testcase name="qq_VerifyQuotebyName" time="0.000" classname="com.md.testcases.QuickQuotesTest">
    <skipped/>
  </testcase> <!-- qq_VerifyQuotebyName -->
  <system-out/>
  <testcase name="qq_VerifyEditContent" time="0.000" classname="com.md.testcases.QuickQuotesTest">
    <skipped/>
  </testcase> <!-- qq_VerifyEditContent -->
  <system-out/>
  <testcase name="qq_VerifyDeleteQuote" time="0.000" classname="com.md.testcases.QuickQuotesTest">
    <skipped/>
  </testcase> <!-- qq_VerifyDeleteQuote -->
  <system-out/>
  <testcase name="qq_VerifyParticpantAddedFromGroup" time="0.000" classname="com.md.testcases.QuickQuotesTest">
    <skipped/>
  </testcase> <!-- qq_VerifyParticpantAddedFromGroup -->
  <system-out/>
  <testcase name="qq_VerifyCKEditor" time="0.000" classname="com.md.testcases.QuickQuotesTest">
    <skipped/>
  </testcase> <!-- qq_VerifyCKEditor -->
  <system-out/>
  <testcase name="qq_VerfiyEditQQEvent" time="0.000" classname="com.md.testcases.QuickQuotesTest">
    <skipped/>
  </testcase> <!-- qq_VerfiyEditQQEvent -->
  <system-out/>
  <testcase name="qq_VerifyQuestionnaireAndAllowResubmissioninSandpit" time="0.000" classname="com.md.testcases.QuickQuotesTest">
    <skipped/>
  </testcase> <!-- qq_VerifyQuestionnaireAndAllowResubmissioninSandpit -->
  <system-out/>
  <testcase name="qq_VerifyCurrencySymbol" time="0.000" classname="com.md.testcases.QuickQuotesTest">
    <skipped/>
  </testcase> <!-- qq_VerifyCurrencySymbol -->
  <system-out/>
  <testcase name="qq_VerfiyQQEventWithAllDetails" time="0.000" classname="com.md.testcases.QuickQuotesTest">
    <skipped/>
  </testcase> <!-- qq_VerfiyQQEventWithAllDetails -->
  <system-out/>
  <testcase name="qq_VerifyClosedReopenEvent" time="0.000" classname="com.md.testcases.QuickQuotesTest">
    <skipped/>
  </testcase> <!-- qq_VerifyClosedReopenEvent -->
  <system-out/>
  <testcase name="qq_VerifyAwardLotPopup" time="0.000" classname="com.md.testcases.QuickQuotesTest">
    <skipped/>
  </testcase> <!-- qq_VerifyAwardLotPopup -->
  <system-out/>
  <testcase name="qq_VerifySearchQuote" time="0.000" classname="com.md.testcases.QuickQuotesTest">
    <skipped/>
  </testcase> <!-- qq_VerifySearchQuote -->
  <system-out/>
</testsuite> <!-- com.md.testcases.QuickQuotesTest -->
