<?xml version="1.0" encoding="UTF-8"?>
<!-- Generated by org.testng.reporters.JUnitReportReporter -->
<testsuite skipped="0" hostname="CISM-I-458" name="com.md.testcases.ContractTest" tests="36" failures="0" timestamp="2021-10-12T19:12:23 IST" time="2617.865" errors="0">
  <testcase name="contract_VerifyUserIsAbleToAddContract" time="127.802" classname="com.md.testcases.ContractTest"/>
  <system-out/>
  <testcase name="contract_VerifyHeadingOnContractListingPage" time="37.877" classname="com.md.testcases.ContractTest"/>
  <system-out/>
  <testcase name="contract_VerifyUserIsAbleToSearchContract" time="41.320" classname="com.md.testcases.ContractTest"/>
  <system-out/>
  <testcase name="contract_VerifyAlertMsgOnSearchingContracts" time="36.880" classname="com.md.testcases.ContractTest"/>
  <system-out/>
  <testcase name="contract_VerifySearchContractUsingTitle" time="36.039" classname="com.md.testcases.ContractTest"/>
  <system-out/>
  <testcase name="contract_VerifySearchContractUsingStartDate" time="32.538" classname="com.md.testcases.ContractTest"/>
  <system-out/>
  <testcase name="contract_VerifySearchContractUsingExpiryDate" time="32.219" classname="com.md.testcases.ContractTest"/>
  <system-out/>
  <testcase name="contract_VerifySearchContractUsingCategory" time="33.477" classname="com.md.testcases.ContractTest"/>
  <system-out/>
  <testcase name="contract_VerifySearchContractUsingSupplier" time="33.928" classname="com.md.testcases.ContractTest"/>
  <system-out/>
  <testcase name="contract_VerifySearchContractUsingValue" time="42.233" classname="com.md.testcases.ContractTest"/>
  <system-out/>
  <testcase name="contract_VerifySearchContractUsingStakeHolder" time="39.295" classname="com.md.testcases.ContractTest"/>
  <system-out/>
  <testcase name="contract_VerifyContractValidationMsg" time="67.108" classname="com.md.testcases.ContractTest"/>
  <system-out/>
  <testcase name="contract_VerifyUserNavigationToContractForm" time="58.245" classname="com.md.testcases.ContractTest"/>
  <system-out/>
  <testcase name="contract_VerifySearchContractUsingOwner" time="35.542" classname="com.md.testcases.ContractTest"/>
  <system-out/>
  <testcase name="contract_VerifyOneMonthNoticePeriodIsSelectedByDefault" time="90.574" classname="com.md.testcases.ContractTest"/>
  <system-out/>
  <testcase name="contract_VerifyUserIsAbleToEditContract" time="57.332" classname="com.md.testcases.ContractTest"/>
  <system-out/>
  <testcase name="contract_VerifyDisplayOfCategoryInContractForm" time="63.826" classname="com.md.testcases.ContractTest"/>
  <system-out/>
  <testcase name="contract_VerifyAutoSuggestionForSupplierContact" time="66.183" classname="com.md.testcases.ContractTest"/>
  <system-out/>
  <testcase name="contract_VerifyAutoSuggestionForStakeHolder" time="68.425" classname="com.md.testcases.ContractTest"/>
  <system-out/>
  <testcase name="contract_VerifyDisplayOfSupplierContactDetails" time="63.504" classname="com.md.testcases.ContractTest"/>
  <system-out/>
  <testcase name="contract_VerifyAlertMsgIfHostAddedToSupplierContact" time="64.984" classname="com.md.testcases.ContractTest"/>
  <system-out/>
  <testcase name="contract_VerifyRemovalOfSupplierContact" time="73.550" classname="com.md.testcases.ContractTest"/>
  <system-out/>
  <testcase name="contract_VerifyAtleastOneValueInSupplierContact" time="73.580" classname="com.md.testcases.ContractTest"/>
  <system-out/>
  <testcase name="contract_VerifyAlertMsgIfParticipantAddedToStakeHolder" time="66.208" classname="com.md.testcases.ContractTest"/>
  <system-out/>
  <testcase name="contract_VerifyDisplayOfDropbox" time="64.044" classname="com.md.testcases.ContractTest"/>
  <system-out/>
  <testcase name="contract_VerifyNoticePeriodChangeAccordingToPeriodSelected" time="80.429" classname="com.md.testcases.ContractTest"/>
  <system-out/>
  <testcase name="contract_VerifyDisplayOfExpiryNotiticationLink" time="67.913" classname="com.md.testcases.ContractTest"/>
  <system-out/>
  <testcase name="contract_VerifySupplierAndStakeHolderInRecipientPopup" time="70.892" classname="com.md.testcases.ContractTest"/>
  <system-out/>
  <testcase name="contract_VerifyDisplayOfCustomNotiticationLink" time="66.150" classname="com.md.testcases.ContractTest"/>
  <system-out/>
  <testcase name="contract_VerifyDisplayOfParentHeirarchyDropdown" time="58.633" classname="com.md.testcases.ContractTest"/>
  <system-out/>
  <testcase name="contract_VerifySelectedParentNotDisplayInChildDropdown" time="95.471" classname="com.md.testcases.ContractTest"/>
  <system-out/>
  <testcase name="contract_VerifyLanguageChange" time="103.995" classname="com.md.testcases.ContractTest"/>
  <system-out/>
  <testcase name="contract_VerifyActiveHeadingsDisplayInContractForm" time="210.005" classname="com.md.testcases.ContractTest"/>
  <system-out/>
  <testcase name="contract_VerifyActiveHeadingsDisplayInContractListingPage" time="137.078" classname="com.md.testcases.ContractTest"/>
  <system-out/>
  <testcase name="contract_VerifyContractListingOnLanguageChange" time="103.305" classname="com.md.testcases.ContractTest"/>
  <system-out/>
  <testcase name="contract_VerifyCustomFieldDisplayInContractForm" time="217.281" classname="com.md.testcases.ContractTest"/>
  <system-out/>
</testsuite> <!-- com.md.testcases.ContractTest -->
