<?xml version="1.0" encoding="UTF-8"?>
<!-- Generated by org.testng.reporters.JUnitReportReporter -->
<testsuite skipped="0" hostname="CISM-I-458" name="com.md.testcases.ContractTest" tests="2" failures="0" timestamp="2021-07-13T19:16:55 IST" time="107.770" errors="0">
  <testcase name="VerifyUserIsAbleToAddContract" time="77.118" classname="com.md.testcases.ContractTest"/>
  <system-out/>
  <testcase name="VerifyHeadingOnContractListingPage" time="30.652" classname="com.md.testcases.ContractTest"/>
  <system-out/>
</testsuite> <!-- com.md.testcases.ContractTest -->
