<?xml version="1.0" encoding="UTF-8"?>
<!-- Generated by org.testng.reporters.JUnitReportReporter -->
<testsuite skipped="0" hostname="CISM-I-458" name="com.md.testcases.QuickQuotesTest" tests="1" failures="0" timestamp="2022-01-12T18:50:11 IST" time="248.916" errors="0">
  <testcase name="qq_VerifyQuestionnaireAndAllowResubmissioninSandpit" time="248.916" classname="com.md.testcases.QuickQuotesTest"/>
  <system-out/>
</testsuite> <!-- com.md.testcases.QuickQuotesTest -->
